Started GET "/" for 127.0.0.1 at 2024-03-23 07:39:01 +0700
Processing by Rails::WelcomeController#index as HTML
  Rendering /Users/leonardhorsitanggang/.rbenv/versions/3.0.2/lib/ruby/gems/3.0.0/gems/railties-7.0.6/lib/rails/templates/rails/welcome/index.html.erb
  Rendered /Users/leonardhorsitanggang/.rbenv/versions/3.0.2/lib/ruby/gems/3.0.0/gems/railties-7.0.6/lib/rails/templates/rails/welcome/index.html.erb (Duration: 1.6ms | Allocations: 939)
Completed 200 OK in 18ms (Views: 5.3ms | ActiveRecord: 0.0ms | Allocations: 10831)


Started GET "/" for 127.0.0.1 at 2024-03-24 01:24:38 +0700
Processing by Rails::WelcomeController#index as HTML
  Rendering /Users/leonardhorsitanggang/.rbenv/versions/3.0.2/lib/ruby/gems/3.0.0/gems/railties-7.0.6/lib/rails/templates/rails/welcome/index.html.erb
  Rendered /Users/leonardhorsitanggang/.rbenv/versions/3.0.2/lib/ruby/gems/3.0.0/gems/railties-7.0.6/lib/rails/templates/rails/welcome/index.html.erb (Duration: 1.0ms | Allocations: 831)
Completed 200 OK in 8ms (Views: 2.3ms | ActiveRecord: 0.0ms | Allocations: 7841)


Started GET "/" for 127.0.0.1 at 2024-03-24 01:31:54 +0700
Processing by Rails::WelcomeController#index as HTML
  Rendering /Users/leonardhorsitanggang/.rbenv/versions/3.0.2/lib/ruby/gems/3.0.0/gems/railties-7.0.6/lib/rails/templates/rails/welcome/index.html.erb
  Rendered /Users/leonardhorsitanggang/.rbenv/versions/3.0.2/lib/ruby/gems/3.0.0/gems/railties-7.0.6/lib/rails/templates/rails/welcome/index.html.erb (Duration: 1.6ms | Allocations: 489)
Completed 200 OK in 6ms (Views: 4.0ms | Allocations: 1553)


Started GET "/" for 127.0.0.1 at 2024-03-24 01:31:55 +0700
Processing by Rails::WelcomeController#index as HTML
  Rendering /Users/leonardhorsitanggang/.rbenv/versions/3.0.2/lib/ruby/gems/3.0.0/gems/railties-7.0.6/lib/rails/templates/rails/welcome/index.html.erb
  Rendered /Users/leonardhorsitanggang/.rbenv/versions/3.0.2/lib/ruby/gems/3.0.0/gems/railties-7.0.6/lib/rails/templates/rails/welcome/index.html.erb (Duration: 0.0ms | Allocations: 16)
Completed 200 OK in 1ms (Views: 0.2ms | Allocations: 304)


Started GET "/" for 127.0.0.1 at 2024-03-24 08:48:15 +0700
Processing by Rails::WelcomeController#index as HTML
  Rendering /Users/leonardhorsitanggang/.rbenv/versions/3.0.2/lib/ruby/gems/3.0.0/gems/railties-7.0.6/lib/rails/templates/rails/welcome/index.html.erb
  Rendered /Users/leonardhorsitanggang/.rbenv/versions/3.0.2/lib/ruby/gems/3.0.0/gems/railties-7.0.6/lib/rails/templates/rails/welcome/index.html.erb (Duration: 0.1ms | Allocations: 16)
Completed 200 OK in 2ms (Views: 0.7ms | Allocations: 278)


Started GET "/calendar" for 127.0.0.1 at 2024-03-24 08:48:22 +0700
  
ActionController::RoutingError (No route matches [GET] "/calendar"):
  
Started GET "/" for 127.0.0.1 at 2024-03-24 10:56:29 +0700
Processing by Rails::WelcomeController#index as HTML
  Rendering /Users/leonardhorsitanggang/.rbenv/versions/3.0.2/lib/ruby/gems/3.0.0/gems/railties-7.0.6/lib/rails/templates/rails/welcome/index.html.erb
  Rendered /Users/leonardhorsitanggang/.rbenv/versions/3.0.2/lib/ruby/gems/3.0.0/gems/railties-7.0.6/lib/rails/templates/rails/welcome/index.html.erb (Duration: 1.3ms | Allocations: 488)
Completed 200 OK in 6ms (Views: 3.5ms | Allocations: 1506)


Started GET "/" for 127.0.0.1 at 2024-03-24 11:00:09 +0700
Processing by Rails::WelcomeController#index as HTML
  Rendering /Users/leonardhorsitanggang/.rbenv/versions/3.0.2/lib/ruby/gems/3.0.0/gems/railties-7.0.6/lib/rails/templates/rails/welcome/index.html.erb
  Rendered /Users/leonardhorsitanggang/.rbenv/versions/3.0.2/lib/ruby/gems/3.0.0/gems/railties-7.0.6/lib/rails/templates/rails/welcome/index.html.erb (Duration: 0.8ms | Allocations: 488)
Completed 200 OK in 2ms (Views: 1.6ms | Allocations: 1544)


Started GET "/" for 127.0.0.1 at 2024-03-24 11:00:10 +0700
Processing by Rails::WelcomeController#index as HTML
  Rendering /Users/leonardhorsitanggang/.rbenv/versions/3.0.2/lib/ruby/gems/3.0.0/gems/railties-7.0.6/lib/rails/templates/rails/welcome/index.html.erb
  Rendered /Users/leonardhorsitanggang/.rbenv/versions/3.0.2/lib/ruby/gems/3.0.0/gems/railties-7.0.6/lib/rails/templates/rails/welcome/index.html.erb (Duration: 0.1ms | Allocations: 15)
Completed 200 OK in 1ms (Views: 0.7ms | Allocations: 299)


Started GET "/" for 127.0.0.1 at 2024-03-24 11:00:11 +0700
Processing by Rails::WelcomeController#index as HTML
  Rendering /Users/leonardhorsitanggang/.rbenv/versions/3.0.2/lib/ruby/gems/3.0.0/gems/railties-7.0.6/lib/rails/templates/rails/welcome/index.html.erb
  Rendered /Users/leonardhorsitanggang/.rbenv/versions/3.0.2/lib/ruby/gems/3.0.0/gems/railties-7.0.6/lib/rails/templates/rails/welcome/index.html.erb (Duration: 0.1ms | Allocations: 15)
Completed 200 OK in 3ms (Views: 1.1ms | Allocations: 273)


Started GET "/" for 127.0.0.1 at 2024-03-24 11:00:11 +0700
Processing by Rails::WelcomeController#index as HTML
  Rendering /Users/leonardhorsitanggang/.rbenv/versions/3.0.2/lib/ruby/gems/3.0.0/gems/railties-7.0.6/lib/rails/templates/rails/welcome/index.html.erb
  Rendered /Users/leonardhorsitanggang/.rbenv/versions/3.0.2/lib/ruby/gems/3.0.0/gems/railties-7.0.6/lib/rails/templates/rails/welcome/index.html.erb (Duration: 0.1ms | Allocations: 15)
Completed 200 OK in 2ms (Views: 0.7ms | Allocations: 273)


Started GET "/add" for 127.0.0.1 at 2024-03-24 11:00:15 +0700
Processing by AddDiaryController#index as HTML
  Rendering layout layouts/application.html.erb
  Rendering add_diary/index.html.erb within layouts/application
  Rendered add_diary/index.html.erb within layouts/application (Duration: 0.4ms | Allocations: 248)
  Rendered layout layouts/application.html.erb (Duration: 140.5ms | Allocations: 100200)
Completed 200 OK in 142ms (Views: 141.3ms | Allocations: 101485)


Started GET "/add" for 127.0.0.1 at 2024-03-24 11:00:18 +0700
Processing by AddDiaryController#index as HTML
  Rendering layout layouts/application.html.erb
  Rendering add_diary/index.html.erb within layouts/application
  Rendered add_diary/index.html.erb within layouts/application (Duration: 0.0ms | Allocations: 7)
  Rendered layout layouts/application.html.erb (Duration: 4.4ms | Allocations: 2465)
Completed 200 OK in 6ms (Views: 5.1ms | Allocations: 2791)


Started GET "/add" for 127.0.0.1 at 2024-03-24 11:02:42 +0700
Processing by AddDiaryController#index as HTML
  Rendering layout layouts/application.html.erb
  Rendering add_diary/index.html.erb within layouts/application
  Rendered add_diary/index.html.erb within layouts/application (Duration: 0.1ms | Allocations: 7)
  Rendered layout layouts/application.html.erb (Duration: 3.9ms | Allocations: 2439)
Completed 200 OK in 5ms (Views: 4.4ms | Allocations: 2750)


Started GET "/add" for 127.0.0.1 at 2024-03-24 11:03:14 +0700
Processing by AddDiaryController#index as HTML
  Rendering layout layouts/application.html.erb
  Rendering add_diary/index.html.erb within layouts/application
  Rendered add_diary/index.html.erb within layouts/application (Duration: 0.1ms | Allocations: 7)
  Rendered layout layouts/application.html.erb (Duration: 6.9ms | Allocations: 2441)
Completed 200 OK in 9ms (Views: 7.9ms | Allocations: 2752)


Started GET "/add" for 127.0.0.1 at 2024-03-24 11:05:31 +0700
Processing by AddDiaryController#index as HTML
  Rendering layout layouts/application.html.erb
  Rendering add_diary/index.html.erb within layouts/application
  Rendered add_diary/index.html.erb within layouts/application (Duration: 0.1ms | Allocations: 7)
  Rendered layout layouts/application.html.erb (Duration: 10.7ms | Allocations: 4407)
Completed 200 OK in 12ms (Views: 11.3ms | Allocations: 4718)


Started GET "/add" for 127.0.0.1 at 2024-03-24 11:05:43 +0700
Processing by AddDiaryController#index as HTML
  Rendering layout layouts/application.html.erb
  Rendering add_diary/index.html.erb within layouts/application
  Rendered add_diary/index.html.erb within layouts/application (Duration: 0.1ms | Allocations: 7)
  Rendered layout layouts/application.html.erb (Duration: 8.5ms | Allocations: 3760)
Completed 200 OK in 13ms (Views: 11.2ms | Allocations: 4071)


Started GET "/add" for 127.0.0.1 at 2024-03-24 11:05:52 +0700
Processing by AddDiaryController#index as HTML
  Rendering layout layouts/application.html.erb
  Rendering add_diary/index.html.erb within layouts/application
  Rendered add_diary/index.html.erb within layouts/application (Duration: 0.0ms | Allocations: 7)
  Rendered layout layouts/application.html.erb (Duration: 8.4ms | Allocations: 3754)
Completed 200 OK in 10ms (Views: 9.0ms | Allocations: 4065)


Started GET "/add" for 127.0.0.1 at 2024-03-24 11:05:52 +0700
Processing by AddDiaryController#index as HTML
  Rendering layout layouts/application.html.erb
  Rendering add_diary/index.html.erb within layouts/application
  Rendered add_diary/index.html.erb within layouts/application (Duration: 0.1ms | Allocations: 7)
  Rendered layout layouts/application.html.erb (Duration: 5.7ms | Allocations: 2419)
Completed 200 OK in 9ms (Views: 7.3ms | Allocations: 2730)


Started GET "/add" for 127.0.0.1 at 2024-03-24 11:05:58 +0700
Processing by AddDiaryController#index as HTML
  Rendering layout layouts/application.html.erb
  Rendering add_diary/index.html.erb within layouts/application
  Rendered add_diary/index.html.erb within layouts/application (Duration: 0.0ms | Allocations: 7)
  Rendered layout layouts/application.html.erb (Duration: 21.5ms | Allocations: 3757)
Completed 200 OK in 22ms (Views: 21.8ms | Allocations: 4068)


Started GET "/add" for 127.0.0.1 at 2024-03-24 11:05:59 +0700
Processing by AddDiaryController#index as HTML
  Rendering layout layouts/application.html.erb
  Rendering add_diary/index.html.erb within layouts/application
  Rendered add_diary/index.html.erb within layouts/application (Duration: 0.0ms | Allocations: 7)
  Rendered layout layouts/application.html.erb (Duration: 13.2ms | Allocations: 2435)
Completed 200 OK in 14ms (Views: 13.6ms | Allocations: 2746)


Started GET "/add" for 127.0.0.1 at 2024-03-24 11:05:59 +0700
Processing by AddDiaryController#index as HTML
  Rendering layout layouts/application.html.erb
  Rendering add_diary/index.html.erb within layouts/application
  Rendered add_diary/index.html.erb within layouts/application (Duration: 0.0ms | Allocations: 7)
  Rendered layout layouts/application.html.erb (Duration: 3.3ms | Allocations: 2451)
Completed 200 OK in 4ms (Views: 3.7ms | Allocations: 2764)


Started GET "/add" for 127.0.0.1 at 2024-03-24 11:06:00 +0700
Processing by AddDiaryController#index as HTML
  Rendering layout layouts/application.html.erb
  Rendering add_diary/index.html.erb within layouts/application
  Rendered add_diary/index.html.erb within layouts/application (Duration: 0.0ms | Allocations: 7)
  Rendered layout layouts/application.html.erb (Duration: 3.5ms | Allocations: 2429)
Completed 200 OK in 6ms (Views: 4.2ms | Allocations: 2740)


Started GET "/add" for 127.0.0.1 at 2024-03-24 11:06:00 +0700
Processing by AddDiaryController#index as HTML
  Rendering layout layouts/application.html.erb
  Rendering add_diary/index.html.erb within layouts/application
  Rendered add_diary/index.html.erb within layouts/application (Duration: 0.1ms | Allocations: 7)
  Rendered layout layouts/application.html.erb (Duration: 8.3ms | Allocations: 2427)
Completed 200 OK in 11ms (Views: 9.4ms | Allocations: 2739)


Started GET "/add" for 127.0.0.1 at 2024-03-24 11:06:00 +0700
Processing by AddDiaryController#index as HTML
  Rendering layout layouts/application.html.erb
  Rendering add_diary/index.html.erb within layouts/application
  Rendered add_diary/index.html.erb within layouts/application (Duration: 0.0ms | Allocations: 7)
  Rendered layout layouts/application.html.erb (Duration: 4.1ms | Allocations: 2437)
Completed 200 OK in 6ms (Views: 4.9ms | Allocations: 2748)


Started GET "/add" for 127.0.0.1 at 2024-03-24 11:06:01 +0700
Processing by AddDiaryController#index as HTML
  Rendering layout layouts/application.html.erb
  Rendering add_diary/index.html.erb within layouts/application
  Rendered add_diary/index.html.erb within layouts/application (Duration: 0.1ms | Allocations: 7)
  Rendered layout layouts/application.html.erb (Duration: 4.1ms | Allocations: 2417)
Completed 200 OK in 6ms (Views: 4.7ms | Allocations: 2728)


Started GET "/add" for 127.0.0.1 at 2024-03-24 11:06:01 +0700
Processing by AddDiaryController#index as HTML
  Rendering layout layouts/application.html.erb
  Rendering add_diary/index.html.erb within layouts/application
  Rendered add_diary/index.html.erb within layouts/application (Duration: 0.0ms | Allocations: 7)
  Rendered layout layouts/application.html.erb (Duration: 3.2ms | Allocations: 2427)
Completed 200 OK in 4ms (Views: 3.7ms | Allocations: 2738)


Started GET "/add" for 127.0.0.1 at 2024-03-24 11:06:01 +0700
Processing by AddDiaryController#index as HTML
  Rendering layout layouts/application.html.erb
  Rendering add_diary/index.html.erb within layouts/application
  Rendered add_diary/index.html.erb within layouts/application (Duration: 0.1ms | Allocations: 7)
  Rendered layout layouts/application.html.erb (Duration: 3.7ms | Allocations: 2429)
Completed 200 OK in 5ms (Views: 4.1ms | Allocations: 2740)


Started GET "/add" for 127.0.0.1 at 2024-03-24 11:06:06 +0700
Processing by AddDiaryController#index as HTML
  Rendering layout layouts/application.html.erb
  Rendering add_diary/index.html.erb within layouts/application
  Rendered add_diary/index.html.erb within layouts/application (Duration: 0.0ms | Allocations: 7)
  Rendered layout layouts/application.html.erb (Duration: 10.2ms | Allocations: 4400)
Completed 200 OK in 12ms (Views: 11.0ms | Allocations: 4711)


Started GET "/add" for 127.0.0.1 at 2024-03-24 11:06:06 +0700
Processing by AddDiaryController#index as HTML
  Rendering layout layouts/application.html.erb
  Rendering add_diary/index.html.erb within layouts/application
  Rendered add_diary/index.html.erb within layouts/application (Duration: 0.1ms | Allocations: 7)
  Rendered layout layouts/application.html.erb (Duration: 4.4ms | Allocations: 2427)
Completed 200 OK in 8ms (Views: 6.9ms | Allocations: 2738)


Started GET "/add" for 127.0.0.1 at 2024-03-24 11:06:15 +0700
Processing by AddDiaryController#index as HTML
  Rendering layout layouts/application.html.erb
  Rendering add_diary/index.html.erb within layouts/application
  Rendered add_diary/index.html.erb within layouts/application (Duration: 0.0ms | Allocations: 7)
  Rendered layout layouts/application.html.erb (Duration: 9.0ms | Allocations: 5254)
Completed 200 OK in 11ms (Views: 9.9ms | Allocations: 5565)


Started GET "/add" for 127.0.0.1 at 2024-03-24 11:06:16 +0700
Processing by AddDiaryController#index as HTML
  Rendering layout layouts/application.html.erb
  Rendering add_diary/index.html.erb within layouts/application
  Rendered add_diary/index.html.erb within layouts/application (Duration: 0.1ms | Allocations: 7)
  Rendered layout layouts/application.html.erb (Duration: 6.7ms | Allocations: 2436)
Completed 200 OK in 10ms (Views: 8.1ms | Allocations: 2747)


Started GET "/add" for 127.0.0.1 at 2024-03-24 11:06:16 +0700
Processing by AddDiaryController#index as HTML
  Rendering layout layouts/application.html.erb
  Rendering add_diary/index.html.erb within layouts/application
  Rendered add_diary/index.html.erb within layouts/application (Duration: 0.0ms | Allocations: 7)
  Rendered layout layouts/application.html.erb (Duration: 3.1ms | Allocations: 2427)
Completed 200 OK in 4ms (Views: 3.6ms | Allocations: 2738)


Started GET "/add" for 127.0.0.1 at 2024-03-24 11:06:44 +0700
Processing by AddDiaryController#index as HTML
  Rendering layout layouts/application.html.erb
  Rendering add_diary/index.html.erb within layouts/application
  Rendered add_diary/index.html.erb within layouts/application (Duration: 0.7ms | Allocations: 253)
  Rendered layout layouts/application.html.erb (Duration: 9.1ms | Allocations: 5344)
Completed 200 OK in 13ms (Views: 11.3ms | Allocations: 6544)


Started GET "/add" for 127.0.0.1 at 2024-03-24 11:07:28 +0700
Processing by AddDiaryController#index as HTML
  Rendering layout layouts/application.html.erb
  Rendering add_diary/index.html.erb within layouts/application
  Rendered add_diary/index.html.erb within layouts/application (Duration: 0.3ms | Allocations: 252)
  Rendered layout layouts/application.html.erb (Duration: 4.7ms | Allocations: 3347)
Completed 200 OK in 8ms (Views: 6.6ms | Allocations: 4561)


Started GET "/add" for 127.0.0.1 at 2024-03-24 11:08:03 +0700
Processing by AddDiaryController#index as HTML
  Rendering layout layouts/application.html.erb
  Rendering add_diary/index.html.erb within layouts/application
  Rendered add_diary/index.html.erb within layouts/application (Duration: 0.7ms | Allocations: 258)
  Rendered layout layouts/application.html.erb (Duration: 6.1ms | Allocations: 3327)
Completed 200 OK in 12ms (Views: 9.6ms | Allocations: 4540)


Started GET "/add" for 127.0.0.1 at 2024-03-24 11:08:07 +0700
Processing by AddDiaryController#index as HTML
  Rendering layout layouts/application.html.erb
  Rendering add_diary/index.html.erb within layouts/application
  Rendered add_diary/index.html.erb within layouts/application (Duration: 0.5ms | Allocations: 258)
  Rendered layout layouts/application.html.erb (Duration: 3.6ms | Allocations: 3337)
Completed 200 OK in 8ms (Views: 6.6ms | Allocations: 4550)


Started GET "/add" for 127.0.0.1 at 2024-03-24 11:08:22 +0700
Processing by AddDiaryController#index as HTML
  Rendering layout layouts/application.html.erb
  Rendering add_diary/index.html.erb within layouts/application
  Rendered add_diary/index.html.erb within layouts/application (Duration: 0.5ms | Allocations: 261)
  Rendered layout layouts/application.html.erb (Duration: 4.7ms | Allocations: 3344)
Completed 200 OK in 9ms (Views: 7.3ms | Allocations: 4558)


Started GET "/add" for 127.0.0.1 at 2024-03-24 11:10:04 +0700
Processing by AddDiaryController#index as HTML
  Rendering layout layouts/application.html.erb
  Rendering add_diary/index.html.erb within layouts/application
  Rendered add_diary/index.html.erb within layouts/application (Duration: 0.0ms | Allocations: 7)
  Rendered layout layouts/application.html.erb (Duration: 2.7ms | Allocations: 2439)
Completed 200 OK in 3ms (Views: 3.0ms | Allocations: 2766)


Started GET "/add" for 127.0.0.1 at 2024-03-24 11:10:13 +0700
Processing by AddDiaryController#index as HTML
  Rendering layout layouts/application.html.erb
  Rendering add_diary/index.html.erb within layouts/application
  Rendered add_diary/index.html.erb within layouts/application (Duration: 0.1ms | Allocations: 7)
  Rendered layout layouts/application.html.erb (Duration: 12.1ms | Allocations: 4942)
Completed 200 OK in 15ms (Views: 13.0ms | Allocations: 5253)


Started GET "/add" for 127.0.0.1 at 2024-03-24 11:10:37 +0700
Processing by AddDiaryController#index as HTML
  Rendering layout layouts/application.html.erb
  Rendering add_diary/index.html.erb within layouts/application
  Rendered add_diary/index.html.erb within layouts/application (Duration: 0.1ms | Allocations: 7)
  Rendered layout layouts/application.html.erb (Duration: 25.1ms | Allocations: 5359)
Completed 200 OK in 27ms (Views: 26.5ms | Allocations: 5670)


Started GET "/add" for 127.0.0.1 at 2024-03-24 11:10:56 +0700
Processing by AddDiaryController#index as HTML
  Rendering layout layouts/application.html.erb
  Rendering add_diary/index.html.erb within layouts/application
  Rendered add_diary/index.html.erb within layouts/application (Duration: 0.0ms | Allocations: 7)
  Rendered layout layouts/application.html.erb (Duration: 18.6ms | Allocations: 3809)
Completed 200 OK in 20ms (Views: 19.0ms | Allocations: 4120)


Started GET "/add" for 127.0.0.1 at 2024-03-24 11:11:11 +0700
Processing by AddDiaryController#index as HTML
  Rendering layout layouts/application.html.erb
  Rendering add_diary/index.html.erb within layouts/application
  Rendered add_diary/index.html.erb within layouts/application (Duration: 0.0ms | Allocations: 7)
  Rendered layout layouts/application.html.erb (Duration: 3.5ms | Allocations: 2468)
Completed 200 OK in 4ms (Views: 3.9ms | Allocations: 2781)


Started GET "/add" for 127.0.0.1 at 2024-03-24 11:11:25 +0700
Processing by AddDiaryController#index as HTML
  Rendering layout layouts/application.html.erb
  Rendering add_diary/index.html.erb within layouts/application
  Rendered add_diary/index.html.erb within layouts/application (Duration: 0.6ms | Allocations: 264)
  Rendered layout layouts/application.html.erb (Duration: 6.1ms | Allocations: 3341)
Completed 200 OK in 14ms (Views: 10.9ms | Allocations: 4542)


Started GET "/add" for 127.0.0.1 at 2024-03-24 11:11:33 +0700
Processing by AddDiaryController#index as HTML
  Rendering layout layouts/application.html.erb
  Rendering add_diary/index.html.erb within layouts/application
  Rendered add_diary/index.html.erb within layouts/application (Duration: 0.4ms | Allocations: 261)
  Rendered layout layouts/application.html.erb (Duration: 3.3ms | Allocations: 3336)
Completed 200 OK in 6ms (Views: 5.0ms | Allocations: 4549)


Started GET "/add" for 127.0.0.1 at 2024-03-24 11:11:42 +0700
Processing by AddDiaryController#index as HTML
  Rendering layout layouts/application.html.erb
  Rendering add_diary/index.html.erb within layouts/application
  Rendered add_diary/index.html.erb within layouts/application (Duration: 0.4ms | Allocations: 261)
  Rendered layout layouts/application.html.erb (Duration: 3.5ms | Allocations: 3342)
Completed 200 OK in 6ms (Views: 5.2ms | Allocations: 4555)


Started GET "/add" for 127.0.0.1 at 2024-03-24 11:11:53 +0700
Processing by AddDiaryController#index as HTML
  Rendering layout layouts/application.html.erb
  Rendering add_diary/index.html.erb within layouts/application
  Rendered add_diary/index.html.erb within layouts/application (Duration: 0.4ms | Allocations: 261)
  Rendered layout layouts/application.html.erb (Duration: 4.5ms | Allocations: 3334)
Completed 200 OK in 8ms (Views: 6.6ms | Allocations: 4547)


Started GET "/add" for 127.0.0.1 at 2024-03-24 11:14:06 +0700
Processing by AddDiaryController#index as HTML
  Rendering layout layouts/application.html.erb
  Rendering add_diary/index.html.erb within layouts/application
  Rendered add_diary/index.html.erb within layouts/application (Duration: 0.0ms | Allocations: 7)
  Rendered layout layouts/application.html.erb (Duration: 2.7ms | Allocations: 2419)
Completed 200 OK in 4ms (Views: 3.1ms | Allocations: 2746)


Started GET "/add" for 127.0.0.1 at 2024-03-24 11:14:38 +0700
Processing by AddDiaryController#index as HTML
  Rendering layout layouts/application.html.erb
  Rendering add_diary/index.html.erb within layouts/application
  Rendered add_diary/index.html.erb within layouts/application (Duration: 0.4ms | Allocations: 270)
  Rendered layout layouts/application.html.erb (Duration: 4.7ms | Allocations: 3349)
Completed 200 OK in 8ms (Views: 6.6ms | Allocations: 4546)


Started GET "/add" for 127.0.0.1 at 2024-03-24 11:15:00 +0700
Processing by AddDiaryController#index as HTML
  Rendering layout layouts/application.html.erb
  Rendering add_diary/index.html.erb within layouts/application
  Rendered add_diary/index.html.erb within layouts/application (Duration: 0.6ms | Allocations: 273)
  Rendered layout layouts/application.html.erb (Duration: 4.7ms | Allocations: 3340)
Completed 200 OK in 9ms (Views: 6.9ms | Allocations: 4553)


Started GET "/add" for 127.0.0.1 at 2024-03-24 11:20:13 +0700
Processing by AddDiaryController#index as HTML
  Rendering layout layouts/application.html.erb
  Rendering add_diary/index.html.erb within layouts/application
  Rendered add_diary/index.html.erb within layouts/application (Duration: 0.9ms | Allocations: 291)
  Rendered layout layouts/application.html.erb (Duration: 11.5ms | Allocations: 3368)
Completed 200 OK in 16ms (Views: 14.4ms | Allocations: 4581)


Started GET "/add" for 127.0.0.1 at 2024-03-24 11:20:20 +0700
Processing by AddDiaryController#index as HTML
  Rendering layout layouts/application.html.erb
  Rendering add_diary/index.html.erb within layouts/application
  Rendered add_diary/index.html.erb within layouts/application (Duration: 0.5ms | Allocations: 291)
  Rendered layout layouts/application.html.erb (Duration: 3.2ms | Allocations: 3359)
Completed 200 OK in 5ms (Views: 4.3ms | Allocations: 4572)


Started GET "/add" for 127.0.0.1 at 2024-03-24 11:20:25 +0700
Processing by AddDiaryController#index as HTML
  Rendering layout layouts/application.html.erb
  Rendering add_diary/index.html.erb within layouts/application
  Rendered add_diary/index.html.erb within layouts/application (Duration: 0.7ms | Allocations: 292)
  Rendered layout layouts/application.html.erb (Duration: 3.7ms | Allocations: 3363)
Completed 200 OK in 6ms (Views: 5.2ms | Allocations: 4579)


Started GET "/add" for 127.0.0.1 at 2024-03-24 11:20:50 +0700
Processing by AddDiaryController#index as HTML
  Rendering layout layouts/application.html.erb
  Rendering add_diary/index.html.erb within layouts/application
  Rendered add_diary/index.html.erb within layouts/application (Duration: 0.6ms | Allocations: 291)
  Rendered layout layouts/application.html.erb (Duration: 4.4ms | Allocations: 3357)
Completed 200 OK in 10ms (Views: 7.8ms | Allocations: 4570)


Started GET "/add" for 127.0.0.1 at 2024-03-24 11:21:37 +0700
Processing by AddDiaryController#index as HTML
  Rendering layout layouts/application.html.erb
  Rendering add_diary/index.html.erb within layouts/application
  Rendered add_diary/index.html.erb within layouts/application (Duration: 0.7ms | Allocations: 303)
  Rendered layout layouts/application.html.erb (Duration: 5.1ms | Allocations: 3384)
Completed 200 OK in 9ms (Views: 8.0ms | Allocations: 4597)


Started GET "/add" for 127.0.0.1 at 2024-03-24 11:21:38 +0700
Processing by AddDiaryController#index as HTML
  Rendering layout layouts/application.html.erb
  Rendering add_diary/index.html.erb within layouts/application
  Rendered add_diary/index.html.erb within layouts/application (Duration: 0.1ms | Allocations: 7)
  Rendered layout layouts/application.html.erb (Duration: 3.9ms | Allocations: 2421)
Completed 200 OK in 6ms (Views: 4.9ms | Allocations: 2748)


Started GET "/add" for 127.0.0.1 at 2024-03-24 11:21:49 +0700
Processing by AddDiaryController#index as HTML
  Rendering layout layouts/application.html.erb
  Rendering add_diary/index.html.erb within layouts/application
  Rendered add_diary/index.html.erb within layouts/application (Duration: 1.7ms | Allocations: 306)
  Rendered layout layouts/application.html.erb (Duration: 6.5ms | Allocations: 3381)
Completed 200 OK in 14ms (Views: 11.8ms | Allocations: 4578)


Started GET "/add" for 127.0.0.1 at 2024-03-24 11:23:20 +0700
Processing by AddDiaryController#index as HTML
  Rendering layout layouts/application.html.erb
  Rendering add_diary/index.html.erb within layouts/application
  Rendered add_diary/index.html.erb within layouts/application (Duration: 1.1ms | Allocations: 312)
  Rendered layout layouts/application.html.erb (Duration: 6.0ms | Allocations: 3391)
Completed 200 OK in 12ms (Views: 9.2ms | Allocations: 4604)


Started GET "/add" for 127.0.0.1 at 2024-03-24 11:23:34 +0700
Processing by AddDiaryController#index as HTML
  Rendering layout layouts/application.html.erb
  Rendering add_diary/index.html.erb within layouts/application
  Rendered add_diary/index.html.erb within layouts/application (Duration: 0.6ms | Allocations: 312)
  Rendered layout layouts/application.html.erb (Duration: 5.2ms | Allocations: 3391)
Completed 200 OK in 12ms (Views: 10.5ms | Allocations: 4605)


Started GET "/add" for 127.0.0.1 at 2024-03-24 11:23:34 +0700
Processing by AddDiaryController#index as HTML
  Rendering layout layouts/application.html.erb
  Rendering add_diary/index.html.erb within layouts/application
  Rendered add_diary/index.html.erb within layouts/application (Duration: 0.0ms | Allocations: 7)
  Rendered layout layouts/application.html.erb (Duration: 5.5ms | Allocations: 2429)
Completed 200 OK in 7ms (Views: 6.2ms | Allocations: 2756)


Started GET "/add" for 127.0.0.1 at 2024-03-24 11:24:43 +0700
Processing by AddDiaryController#index as HTML
  Rendering layout layouts/application.html.erb
  Rendering add_diary/index.html.erb within layouts/application
  Rendered add_diary/index.html.erb within layouts/application (Duration: 0.0ms | Allocations: 7)
  Rendered layout layouts/application.html.erb (Duration: 9.3ms | Allocations: 2435)
Completed 200 OK in 11ms (Views: 9.9ms | Allocations: 2746)


Started GET "/add" for 127.0.0.1 at 2024-03-24 11:25:19 +0700
Processing by AddDiaryController#index as HTML
  Rendering layout layouts/application.html.erb
  Rendering add_diary/index.html.erb within layouts/application
  Rendered add_diary/index.html.erb within layouts/application (Duration: 1.0ms | Allocations: 312)
  Rendered layout layouts/application.html.erb (Duration: 11.2ms | Allocations: 3394)
Completed 200 OK in 17ms (Views: 14.4ms | Allocations: 4592)


Started GET "/add" for 127.0.0.1 at 2024-03-24 11:25:22 +0700
Processing by AddDiaryController#index as HTML
  Rendering layout layouts/application.html.erb
  Rendering add_diary/index.html.erb within layouts/application
  Rendered add_diary/index.html.erb within layouts/application (Duration: 0.0ms | Allocations: 7)
  Rendered layout layouts/application.html.erb (Duration: 3.8ms | Allocations: 2450)
Completed 200 OK in 5ms (Views: 4.3ms | Allocations: 2778)


Started GET "/add" for 127.0.0.1 at 2024-03-24 11:25:29 +0700
Processing by AddDiaryController#index as HTML
  Rendering layout layouts/application.html.erb
  Rendering add_diary/index.html.erb within layouts/application
  Rendered add_diary/index.html.erb within layouts/application (Duration: 0.4ms | Allocations: 317)
  Rendered layout layouts/application.html.erb (Duration: 3.0ms | Allocations: 3394)
Completed 200 OK in 6ms (Views: 4.7ms | Allocations: 4595)


Started GET "/add" for 127.0.0.1 at 2024-03-24 11:25:37 +0700
Processing by AddDiaryController#index as HTML
  Rendering layout layouts/application.html.erb
  Rendering add_diary/index.html.erb within layouts/application
  Rendered add_diary/index.html.erb within layouts/application (Duration: 0.3ms | Allocations: 312)
  Rendered layout layouts/application.html.erb (Duration: 3.0ms | Allocations: 3381)
Completed 200 OK in 5ms (Views: 4.7ms | Allocations: 4594)


Started GET "/add" for 127.0.0.1 at 2024-03-24 11:25:45 +0700
Processing by AddDiaryController#index as HTML
  Rendering layout layouts/application.html.erb
  Rendering add_diary/index.html.erb within layouts/application
  Rendered add_diary/index.html.erb within layouts/application (Duration: 0.3ms | Allocations: 312)
  Rendered layout layouts/application.html.erb (Duration: 3.0ms | Allocations: 3383)
Completed 200 OK in 6ms (Views: 4.3ms | Allocations: 4596)


Started GET "/add" for 127.0.0.1 at 2024-03-24 11:25:58 +0700
Processing by AddDiaryController#index as HTML
  Rendering layout layouts/application.html.erb
  Rendering add_diary/index.html.erb within layouts/application
  Rendered add_diary/index.html.erb within layouts/application (Duration: 0.5ms | Allocations: 312)
  Rendered layout layouts/application.html.erb (Duration: 4.5ms | Allocations: 3383)
Completed 200 OK in 8ms (Views: 6.5ms | Allocations: 4596)


Started GET "/add" for 127.0.0.1 at 2024-03-24 14:13:26 +0700
Processing by AddDiaryController#index as HTML
  Rendering layout layouts/application.html.erb
  Rendering add_diary/index.html.erb within layouts/application
  Rendered add_diary/index.html.erb within layouts/application (Duration: 0.1ms | Allocations: 7)
  Rendered layout layouts/application.html.erb (Duration: 8.7ms | Allocations: 2429)
Completed 200 OK in 13ms (Views: 10.9ms | Allocations: 2756)


Started GET "/add" for 127.0.0.1 at 2024-03-24 14:13:55 +0700
Processing by AddDiaryController#index as HTML
  Rendering layout layouts/application.html.erb
  Rendering add_diary/index.html.erb within layouts/application
  Rendered add_diary/index.html.erb within layouts/application (Duration: 0.5ms | Allocations: 315)
  Rendered layout layouts/application.html.erb (Duration: 4.6ms | Allocations: 3376)
Completed 200 OK in 8ms (Views: 6.4ms | Allocations: 4573)


Started GET "/add" for 127.0.0.1 at 2024-03-24 14:14:04 +0700
Processing by AddDiaryController#index as HTML
  Rendering layout layouts/application.html.erb
  Rendering add_diary/index.html.erb within layouts/application
  Rendered add_diary/index.html.erb within layouts/application (Duration: 0.4ms | Allocations: 318)
  Rendered layout layouts/application.html.erb (Duration: 3.4ms | Allocations: 3395)
Completed 200 OK in 7ms (Views: 5.4ms | Allocations: 4608)


Started GET "/add" for 127.0.0.1 at 2024-03-24 14:14:22 +0700
Processing by AddDiaryController#index as HTML
  Rendering layout layouts/application.html.erb
  Rendering add_diary/index.html.erb within layouts/application
  Rendered add_diary/index.html.erb within layouts/application (Duration: 0.1ms | Allocations: 7)
  Rendered layout layouts/application.html.erb (Duration: 12.4ms | Allocations: 4950)
Completed 200 OK in 15ms (Views: 13.3ms | Allocations: 5277)


Started GET "/add" for 127.0.0.1 at 2024-03-24 14:14:26 +0700
Processing by AddDiaryController#index as HTML
  Rendering layout layouts/application.html.erb
  Rendering add_diary/index.html.erb within layouts/application
  Rendered add_diary/index.html.erb within layouts/application (Duration: 0.0ms | Allocations: 7)
  Rendered layout layouts/application.html.erb (Duration: 6.2ms | Allocations: 4413)
Completed 200 OK in 7ms (Views: 6.7ms | Allocations: 4724)


Started GET "/add" for 127.0.0.1 at 2024-03-24 14:14:27 +0700
Processing by AddDiaryController#index as HTML
  Rendering layout layouts/application.html.erb
  Rendering add_diary/index.html.erb within layouts/application
  Rendered add_diary/index.html.erb within layouts/application (Duration: 0.1ms | Allocations: 7)
  Rendered layout layouts/application.html.erb (Duration: 4.5ms | Allocations: 2425)
Completed 200 OK in 8ms (Views: 6.0ms | Allocations: 2737)


Started GET "/add" for 127.0.0.1 at 2024-03-24 14:14:32 +0700
Processing by AddDiaryController#index as HTML
  Rendering layout layouts/application.html.erb
  Rendering add_diary/index.html.erb within layouts/application
  Rendered add_diary/index.html.erb within layouts/application (Duration: 0.0ms | Allocations: 7)
  Rendered layout layouts/application.html.erb (Duration: 9.2ms | Allocations: 5347)
Completed 200 OK in 10ms (Views: 9.7ms | Allocations: 5658)


Started GET "/add" for 127.0.0.1 at 2024-03-24 14:14:32 +0700
Processing by AddDiaryController#index as HTML
  Rendering layout layouts/application.html.erb
  Rendering add_diary/index.html.erb within layouts/application
  Rendered add_diary/index.html.erb within layouts/application (Duration: 0.1ms | Allocations: 7)
  Rendered layout layouts/application.html.erb (Duration: 11.8ms | Allocations: 2433)
Completed 200 OK in 15ms (Views: 13.3ms | Allocations: 2745)


Started GET "/add" for 127.0.0.1 at 2024-03-24 14:14:52 +0700
Processing by AddDiaryController#index as HTML
  Rendering layout layouts/application.html.erb
  Rendering add_diary/index.html.erb within layouts/application
  Rendered add_diary/index.html.erb within layouts/application (Duration: 0.9ms | Allocations: 319)
  Rendered layout layouts/application.html.erb (Duration: 5.9ms | Allocations: 3392)
Completed 200 OK in 10ms (Views: 8.5ms | Allocations: 4592)


Started GET "/add" for 127.0.0.1 at 2024-03-24 14:14:53 +0700
Processing by AddDiaryController#index as HTML
  Rendering layout layouts/application.html.erb
  Rendering add_diary/index.html.erb within layouts/application
  Rendered add_diary/index.html.erb within layouts/application (Duration: 0.1ms | Allocations: 7)
  Rendered layout layouts/application.html.erb (Duration: 3.7ms | Allocations: 2427)
Completed 200 OK in 5ms (Views: 4.3ms | Allocations: 2754)


Started GET "/add" for 127.0.0.1 at 2024-03-24 14:15:00 +0700
Processing by AddDiaryController#index as HTML
  Rendering layout layouts/application.html.erb
  Rendering add_diary/index.html.erb within layouts/application
  Rendered add_diary/index.html.erb within layouts/application (Duration: 0.6ms | Allocations: 318)
  Rendered layout layouts/application.html.erb (Duration: 4.3ms | Allocations: 3403)
Completed 200 OK in 8ms (Views: 6.2ms | Allocations: 4600)


Started GET "/add" for 127.0.0.1 at 2024-03-24 14:15:09 +0700
Processing by AddDiaryController#index as HTML
  Rendering layout layouts/application.html.erb
  Rendering add_diary/index.html.erb within layouts/application
  Rendered add_diary/index.html.erb within layouts/application (Duration: 0.5ms | Allocations: 318)
  Rendered layout layouts/application.html.erb (Duration: 4.4ms | Allocations: 3393)
Completed 200 OK in 8ms (Views: 7.0ms | Allocations: 4607)


Started GET "/add" for 127.0.0.1 at 2024-03-24 14:15:15 +0700
Processing by AddDiaryController#index as HTML
  Rendering layout layouts/application.html.erb
  Rendering add_diary/index.html.erb within layouts/application
  Rendered add_diary/index.html.erb within layouts/application (Duration: 0.7ms | Allocations: 318)
  Rendered layout layouts/application.html.erb (Duration: 5.0ms | Allocations: 3387)
Completed 200 OK in 9ms (Views: 7.5ms | Allocations: 4600)


Started GET "/add" for 127.0.0.1 at 2024-03-24 14:16:43 +0700
Processing by AddDiaryController#index as HTML
  Rendering layout layouts/application.html.erb
  Rendering add_diary/index.html.erb within layouts/application
  Rendered add_diary/index.html.erb within layouts/application (Duration: 1.0ms | Allocations: 317)
  Rendered layout layouts/application.html.erb (Duration: 9.6ms | Allocations: 3400)
Completed 200 OK in 13ms (Views: 11.6ms | Allocations: 4614)


Started GET "/add" for 127.0.0.1 at 2024-03-24 14:17:29 +0700
Processing by AddDiaryController#index as HTML
  Rendering layout layouts/application.html.erb
  Rendering add_diary/index.html.erb within layouts/application
  Rendered add_diary/index.html.erb within layouts/application (Duration: 1.1ms | Allocations: 320)
  Rendered layout layouts/application.html.erb (Duration: 5.4ms | Allocations: 3405)
Completed 200 OK in 11ms (Views: 9.2ms | Allocations: 4623)


Started GET "/add" for 127.0.0.1 at 2024-03-24 14:17:35 +0700
Processing by AddDiaryController#index as HTML
  Rendering layout layouts/application.html.erb
  Rendering add_diary/index.html.erb within layouts/application
  Rendered add_diary/index.html.erb within layouts/application (Duration: 0.3ms | Allocations: 318)
  Rendered layout layouts/application.html.erb (Duration: 3.1ms | Allocations: 3403)
Completed 200 OK in 6ms (Views: 4.9ms | Allocations: 4620)


Started GET "/add" for 127.0.0.1 at 2024-03-24 14:17:48 +0700
Processing by AddDiaryController#index as HTML
  Rendering layout layouts/application.html.erb
  Rendering add_diary/index.html.erb within layouts/application
  Rendered add_diary/index.html.erb within layouts/application (Duration: 0.5ms | Allocations: 317)
  Rendered layout layouts/application.html.erb (Duration: 4.3ms | Allocations: 3401)
Completed 200 OK in 9ms (Views: 7.6ms | Allocations: 4614)


Started GET "/add" for 127.0.0.1 at 2024-03-24 14:18:08 +0700
Processing by AddDiaryController#index as HTML
  Rendering layout layouts/application.html.erb
  Rendering add_diary/index.html.erb within layouts/application
  Rendered add_diary/index.html.erb within layouts/application (Duration: 0.3ms | Allocations: 317)
  Rendered layout layouts/application.html.erb (Duration: 2.5ms | Allocations: 3403)
Completed 200 OK in 4ms (Views: 3.6ms | Allocations: 4616)


Started GET "/add" for 127.0.0.1 at 2024-03-24 14:18:09 +0700
Processing by AddDiaryController#index as HTML
  Rendering layout layouts/application.html.erb
  Rendering add_diary/index.html.erb within layouts/application
  Rendered add_diary/index.html.erb within layouts/application (Duration: 0.2ms | Allocations: 7)
  Rendered layout layouts/application.html.erb (Duration: 6.5ms | Allocations: 2435)
Completed 200 OK in 10ms (Views: 7.9ms | Allocations: 2762)


Started GET "/add" for 127.0.0.1 at 2024-03-24 14:18:10 +0700
Processing by AddDiaryController#index as HTML
  Rendering layout layouts/application.html.erb
  Rendering add_diary/index.html.erb within layouts/application
  Rendered add_diary/index.html.erb within layouts/application (Duration: 0.1ms | Allocations: 7)
  Rendered layout layouts/application.html.erb (Duration: 3.7ms | Allocations: 2425)
Completed 200 OK in 5ms (Views: 4.3ms | Allocations: 2736)


Started GET "/add" for 127.0.0.1 at 2024-03-24 14:18:10 +0700
Processing by AddDiaryController#index as HTML
  Rendering layout layouts/application.html.erb
  Rendering add_diary/index.html.erb within layouts/application
  Rendered add_diary/index.html.erb within layouts/application (Duration: 0.0ms | Allocations: 7)
  Rendered layout layouts/application.html.erb (Duration: 6.6ms | Allocations: 2445)
Completed 200 OK in 8ms (Views: 7.3ms | Allocations: 2756)


Started GET "/add" for 127.0.0.1 at 2024-03-24 14:18:17 +0700
Processing by AddDiaryController#index as HTML
  Rendering layout layouts/application.html.erb
  Rendering add_diary/index.html.erb within layouts/application
  Rendered add_diary/index.html.erb within layouts/application (Duration: 0.5ms | Allocations: 317)
  Rendered layout layouts/application.html.erb (Duration: 3.0ms | Allocations: 3415)
Completed 200 OK in 5ms (Views: 4.1ms | Allocations: 4612)


Started GET "/add" for 127.0.0.1 at 2024-03-24 14:19:02 +0700
Processing by AddDiaryController#index as HTML
  Rendering layout layouts/application.html.erb
  Rendering add_diary/index.html.erb within layouts/application
  Rendered add_diary/index.html.erb within layouts/application (Duration: 0.8ms | Allocations: 317)
  Rendered layout layouts/application.html.erb (Duration: 5.1ms | Allocations: 3416)
Completed 200 OK in 11ms (Views: 9.0ms | Allocations: 4629)


Started GET "/add" for 127.0.0.1 at 2024-03-24 14:19:20 +0700
Processing by AddDiaryController#index as HTML
  Rendering layout layouts/application.html.erb
  Rendering add_diary/index.html.erb within layouts/application
  Rendered add_diary/index.html.erb within layouts/application (Duration: 0.1ms | Allocations: 7)
  Rendered layout layouts/application.html.erb (Duration: 8.7ms | Allocations: 4513)
Completed 200 OK in 11ms (Views: 9.7ms | Allocations: 4840)


Started GET "/add" for 127.0.0.1 at 2024-03-24 14:19:23 +0700
Processing by AddDiaryController#index as HTML
  Rendering layout layouts/application.html.erb
  Rendering add_diary/index.html.erb within layouts/application
  Rendered add_diary/index.html.erb within layouts/application (Duration: 0.0ms | Allocations: 7)
  Rendered layout layouts/application.html.erb (Duration: 7.7ms | Allocations: 4956)
Completed 200 OK in 9ms (Views: 8.3ms | Allocations: 5267)


Started GET "/add" for 127.0.0.1 at 2024-03-24 14:19:41 +0700
Processing by AddDiaryController#index as HTML
  Rendering layout layouts/application.html.erb
  Rendering add_diary/index.html.erb within layouts/application
  Rendered add_diary/index.html.erb within layouts/application (Duration: 0.9ms | Allocations: 317)
  Rendered layout layouts/application.html.erb (Duration: 6.4ms | Allocations: 3411)
Completed 200 OK in 10ms (Views: 8.4ms | Allocations: 4608)


Started GET "/add" for 127.0.0.1 at 2024-03-24 14:21:08 +0700
Processing by AddDiaryController#index as HTML
  Rendering layout layouts/application.html.erb
  Rendering add_diary/index.html.erb within layouts/application
  Rendered add_diary/index.html.erb within layouts/application (Duration: 0.0ms | Allocations: 7)
  Rendered layout layouts/application.html.erb (Duration: 6.9ms | Allocations: 4510)
Completed 200 OK in 8ms (Views: 7.2ms | Allocations: 4837)


Started GET "/add" for 127.0.0.1 at 2024-03-24 14:21:09 +0700
Processing by AddDiaryController#index as HTML
  Rendering layout layouts/application.html.erb
  Rendering add_diary/index.html.erb within layouts/application
  Rendered add_diary/index.html.erb within layouts/application (Duration: 0.1ms | Allocations: 7)
  Rendered layout layouts/application.html.erb (Duration: 7.6ms | Allocations: 2430)
Completed 200 OK in 10ms (Views: 8.9ms | Allocations: 2741)


Started GET "/add" for 127.0.0.1 at 2024-03-24 14:21:16 +0700
Processing by AddDiaryController#index as HTML
  Rendering layout layouts/application.html.erb
  Rendering add_diary/index.html.erb within layouts/application
  Rendered add_diary/index.html.erb within layouts/application (Duration: 0.0ms | Allocations: 7)
  Rendered layout layouts/application.html.erb (Duration: 6.9ms | Allocations: 4907)
Completed 200 OK in 8ms (Views: 7.4ms | Allocations: 5218)


Started GET "/add" for 127.0.0.1 at 2024-03-24 14:21:20 +0700
Processing by AddDiaryController#index as HTML
  Rendering layout layouts/application.html.erb
  Rendering add_diary/index.html.erb within layouts/application
  Rendered add_diary/index.html.erb within layouts/application (Duration: 0.0ms | Allocations: 7)
  Rendered layout layouts/application.html.erb (Duration: 7.3ms | Allocations: 3817)
Completed 200 OK in 8ms (Views: 7.8ms | Allocations: 4128)


Started GET "/add" for 127.0.0.1 at 2024-03-24 14:21:41 +0700
Processing by AddDiaryController#index as HTML
  Rendering layout layouts/application.html.erb
  Rendering add_diary/index.html.erb within layouts/application
  Rendered add_diary/index.html.erb within layouts/application (Duration: 0.1ms | Allocations: 7)
  Rendered layout layouts/application.html.erb (Duration: 8.4ms | Allocations: 3820)
Completed 200 OK in 10ms (Views: 9.1ms | Allocations: 4131)


Started GET "/add" for 127.0.0.1 at 2024-03-24 14:21:49 +0700
Processing by AddDiaryController#index as HTML
  Rendering layout layouts/application.html.erb
  Rendering add_diary/index.html.erb within layouts/application
  Rendered add_diary/index.html.erb within layouts/application (Duration: 0.1ms | Allocations: 7)
  Rendered layout layouts/application.html.erb (Duration: 16.7ms | Allocations: 5355)
Completed 200 OK in 19ms (Views: 17.9ms | Allocations: 5667)


Started GET "/add" for 127.0.0.1 at 2024-03-24 14:21:56 +0700
Processing by AddDiaryController#index as HTML
  Rendering layout layouts/application.html.erb
  Rendering add_diary/index.html.erb within layouts/application
  Rendered add_diary/index.html.erb within layouts/application (Duration: 0.1ms | Allocations: 7)
  Rendered layout layouts/application.html.erb (Duration: 9.3ms | Allocations: 3849)
Completed 200 OK in 14ms (Views: 11.1ms | Allocations: 4160)


Started GET "/add" for 127.0.0.1 at 2024-03-24 14:21:58 +0700
Processing by AddDiaryController#index as HTML
  Rendering layout layouts/application.html.erb
  Rendering add_diary/index.html.erb within layouts/application
  Rendered add_diary/index.html.erb within layouts/application (Duration: 0.1ms | Allocations: 7)
  Rendered layout layouts/application.html.erb (Duration: 7.0ms | Allocations: 2431)
Completed 200 OK in 12ms (Views: 9.0ms | Allocations: 2743)


Started GET "/add" for 127.0.0.1 at 2024-03-24 14:22:11 +0700
Processing by AddDiaryController#index as HTML
  Rendering layout layouts/application.html.erb
  Rendering add_diary/index.html.erb within layouts/application
  Rendered add_diary/index.html.erb within layouts/application (Duration: 0.1ms | Allocations: 7)
  Rendered layout layouts/application.html.erb (Duration: 8.5ms | Allocations: 3826)
Completed 200 OK in 11ms (Views: 10.0ms | Allocations: 4137)


Started GET "/add" for 127.0.0.1 at 2024-03-24 14:22:15 +0700
Processing by AddDiaryController#index as HTML
  Rendering layout layouts/application.html.erb
  Rendering add_diary/index.html.erb within layouts/application
  Rendered add_diary/index.html.erb within layouts/application (Duration: 0.1ms | Allocations: 7)
  Rendered layout layouts/application.html.erb (Duration: 9.0ms | Allocations: 4916)
Completed 200 OK in 11ms (Views: 9.7ms | Allocations: 5227)


Started GET "/add" for 127.0.0.1 at 2024-03-24 14:22:18 +0700
Processing by AddDiaryController#index as HTML
  Rendering layout layouts/application.html.erb
  Rendering add_diary/index.html.erb within layouts/application
  Rendered add_diary/index.html.erb within layouts/application (Duration: 0.1ms | Allocations: 7)
  Rendered layout layouts/application.html.erb (Duration: 14.1ms | Allocations: 4433)
Completed 200 OK in 16ms (Views: 15.3ms | Allocations: 4744)


Started GET "/add" for 127.0.0.1 at 2024-03-24 14:22:29 +0700
Processing by AddDiaryController#index as HTML
  Rendering layout layouts/application.html.erb
  Rendering add_diary/index.html.erb within layouts/application
  Rendered add_diary/index.html.erb within layouts/application (Duration: 0.1ms | Allocations: 7)
  Rendered layout layouts/application.html.erb (Duration: 7.9ms | Allocations: 3825)
Completed 200 OK in 9ms (Views: 8.4ms | Allocations: 4136)


Started GET "/add" for 127.0.0.1 at 2024-03-24 14:22:43 +0700
Processing by AddDiaryController#index as HTML
  Rendering layout layouts/application.html.erb
  Rendering add_diary/index.html.erb within layouts/application
  Rendered add_diary/index.html.erb within layouts/application (Duration: 0.1ms | Allocations: 7)
  Rendered layout layouts/application.html.erb (Duration: 8.2ms | Allocations: 4476)
Completed 200 OK in 11ms (Views: 9.9ms | Allocations: 4787)


Started GET "/add" for 127.0.0.1 at 2024-03-24 14:22:53 +0700
Processing by AddDiaryController#index as HTML
  Rendering layout layouts/application.html.erb
  Rendering add_diary/index.html.erb within layouts/application
  Rendered add_diary/index.html.erb within layouts/application (Duration: 0.0ms | Allocations: 7)
  Rendered layout layouts/application.html.erb (Duration: 7.8ms | Allocations: 4475)
Completed 200 OK in 10ms (Views: 8.3ms | Allocations: 4786)


Started GET "/add" for 127.0.0.1 at 2024-03-24 14:23:10 +0700
Processing by AddDiaryController#index as HTML
  Rendering layout layouts/application.html.erb
  Rendering add_diary/index.html.erb within layouts/application
  Rendered add_diary/index.html.erb within layouts/application (Duration: 0.1ms | Allocations: 7)
  Rendered layout layouts/application.html.erb (Duration: 6.5ms | Allocations: 3830)
Completed 200 OK in 10ms (Views: 7.2ms | Allocations: 4141)


Started GET "/add" for 127.0.0.1 at 2024-03-24 14:23:17 +0700
Processing by AddDiaryController#index as HTML
  Rendering layout layouts/application.html.erb
  Rendering add_diary/index.html.erb within layouts/application
  Rendered add_diary/index.html.erb within layouts/application (Duration: 0.0ms | Allocations: 7)
  Rendered layout layouts/application.html.erb (Duration: 6.1ms | Allocations: 4480)
Completed 200 OK in 8ms (Views: 6.6ms | Allocations: 4791)


Started GET "/add" for 127.0.0.1 at 2024-03-24 14:23:23 +0700
Processing by AddDiaryController#index as HTML
  Rendering layout layouts/application.html.erb
  Rendering add_diary/index.html.erb within layouts/application
  Rendered add_diary/index.html.erb within layouts/application (Duration: 0.1ms | Allocations: 7)
  Rendered layout layouts/application.html.erb (Duration: 9.2ms | Allocations: 4476)
Completed 200 OK in 11ms (Views: 9.9ms | Allocations: 4788)


Started GET "/add" for 127.0.0.1 at 2024-03-24 14:23:27 +0700
Processing by AddDiaryController#index as HTML
  Rendering layout layouts/application.html.erb
  Rendering add_diary/index.html.erb within layouts/application
  Rendered add_diary/index.html.erb within layouts/application (Duration: 0.0ms | Allocations: 7)
  Rendered layout layouts/application.html.erb (Duration: 8.5ms | Allocations: 4922)
Completed 200 OK in 10ms (Views: 9.4ms | Allocations: 5233)


Started GET "/add" for 127.0.0.1 at 2024-03-24 14:23:33 +0700
Processing by AddDiaryController#index as HTML
  Rendering layout layouts/application.html.erb
  Rendering add_diary/index.html.erb within layouts/application
  Rendered add_diary/index.html.erb within layouts/application (Duration: 0.0ms | Allocations: 7)
  Rendered layout layouts/application.html.erb (Duration: 8.9ms | Allocations: 4965)
Completed 200 OK in 10ms (Views: 9.3ms | Allocations: 5276)


Started GET "/add" for 127.0.0.1 at 2024-03-24 14:23:34 +0700
Processing by AddDiaryController#index as HTML
  Rendering layout layouts/application.html.erb
  Rendering add_diary/index.html.erb within layouts/application
  Rendered add_diary/index.html.erb within layouts/application (Duration: 0.3ms | Allocations: 7)
  Rendered layout layouts/application.html.erb (Duration: 5.7ms | Allocations: 2435)
Completed 200 OK in 8ms (Views: 6.6ms | Allocations: 2747)


Started GET "/add" for 127.0.0.1 at 2024-03-24 14:23:34 +0700
Processing by AddDiaryController#index as HTML
  Rendering layout layouts/application.html.erb
  Rendering add_diary/index.html.erb within layouts/application
  Rendered add_diary/index.html.erb within layouts/application (Duration: 0.1ms | Allocations: 7)
  Rendered layout layouts/application.html.erb (Duration: 6.0ms | Allocations: 2427)
Completed 200 OK in 8ms (Views: 7.1ms | Allocations: 2738)


Started GET "/add" for 127.0.0.1 at 2024-03-24 14:23:35 +0700
Processing by AddDiaryController#index as HTML
  Rendering layout layouts/application.html.erb
  Rendering add_diary/index.html.erb within layouts/application
  Rendered add_diary/index.html.erb within layouts/application (Duration: 0.0ms | Allocations: 7)
  Rendered layout layouts/application.html.erb (Duration: 5.2ms | Allocations: 2429)
Completed 200 OK in 7ms (Views: 5.8ms | Allocations: 2740)


Started GET "/add" for 127.0.0.1 at 2024-03-24 14:23:39 +0700
Processing by AddDiaryController#index as HTML
  Rendering layout layouts/application.html.erb
  Rendering add_diary/index.html.erb within layouts/application
  Rendered add_diary/index.html.erb within layouts/application (Duration: 0.1ms | Allocations: 7)
  Rendered layout layouts/application.html.erb (Duration: 10.8ms | Allocations: 5873)
Completed 200 OK in 14ms (Views: 12.2ms | Allocations: 6186)


Started GET "/add" for 127.0.0.1 at 2024-03-24 14:23:44 +0700
Processing by AddDiaryController#index as HTML
  Rendering layout layouts/application.html.erb
  Rendering add_diary/index.html.erb within layouts/application
  Rendered add_diary/index.html.erb within layouts/application (Duration: 0.1ms | Allocations: 7)
  Rendered layout layouts/application.html.erb (Duration: 2.7ms | Allocations: 3080)
Completed 200 OK in 4ms (Views: 3.0ms | Allocations: 3392)


Started GET "/add" for 127.0.0.1 at 2024-03-24 14:23:48 +0700
Processing by AddDiaryController#index as HTML
  Rendering layout layouts/application.html.erb
  Rendering add_diary/index.html.erb within layouts/application
  Rendered add_diary/index.html.erb within layouts/application (Duration: 0.0ms | Allocations: 7)
  Rendered layout layouts/application.html.erb (Duration: 9.4ms | Allocations: 4922)
Completed 200 OK in 11ms (Views: 9.9ms | Allocations: 5233)


Started GET "/add" for 127.0.0.1 at 2024-03-24 14:23:56 +0700
Processing by AddDiaryController#index as HTML
  Rendering layout layouts/application.html.erb
  Rendering add_diary/index.html.erb within layouts/application
  Rendered add_diary/index.html.erb within layouts/application (Duration: 0.3ms | Allocations: 7)
  Rendered layout layouts/application.html.erb (Duration: 10.9ms | Allocations: 4866)
Completed 200 OK in 13ms (Views: 12.0ms | Allocations: 5177)


Started GET "/add" for 127.0.0.1 at 2024-03-24 14:24:02 +0700
Processing by AddDiaryController#index as HTML
  Rendering layout layouts/application.html.erb
  Rendering add_diary/index.html.erb within layouts/application
  Rendered add_diary/index.html.erb within layouts/application (Duration: 0.0ms | Allocations: 7)
  Rendered layout layouts/application.html.erb (Duration: 10.6ms | Allocations: 4903)
Completed 200 OK in 12ms (Views: 11.4ms | Allocations: 5214)


Started GET "/add" for 127.0.0.1 at 2024-03-24 14:24:11 +0700
Processing by AddDiaryController#index as HTML
  Rendering layout layouts/application.html.erb
  Rendering add_diary/index.html.erb within layouts/application
  Rendered add_diary/index.html.erb within layouts/application (Duration: 0.0ms | Allocations: 7)
  Rendered layout layouts/application.html.erb (Duration: 6.9ms | Allocations: 5844)
Completed 200 OK in 8ms (Views: 7.2ms | Allocations: 6155)


Started GET "/add" for 127.0.0.1 at 2024-03-24 14:24:21 +0700
Processing by AddDiaryController#index as HTML
  Rendering layout layouts/application.html.erb
  Rendering add_diary/index.html.erb within layouts/application
  Rendered add_diary/index.html.erb within layouts/application (Duration: 0.0ms | Allocations: 7)
  Rendered layout layouts/application.html.erb (Duration: 11.0ms | Allocations: 4406)
Completed 200 OK in 13ms (Views: 11.6ms | Allocations: 4717)


Started GET "/add" for 127.0.0.1 at 2024-03-24 14:24:26 +0700
Processing by AddDiaryController#index as HTML
  Rendering layout layouts/application.html.erb
  Rendering add_diary/index.html.erb within layouts/application
  Rendered add_diary/index.html.erb within layouts/application (Duration: 0.0ms | Allocations: 7)
  Rendered layout layouts/application.html.erb (Duration: 6.3ms | Allocations: 4911)
Completed 200 OK in 7ms (Views: 6.6ms | Allocations: 5222)


Started GET "/add" for 127.0.0.1 at 2024-03-24 14:24:34 +0700
Processing by AddDiaryController#index as HTML
  Rendering layout layouts/application.html.erb
  Rendering add_diary/index.html.erb within layouts/application
  Rendered add_diary/index.html.erb within layouts/application (Duration: 0.0ms | Allocations: 7)
  Rendered layout layouts/application.html.erb (Duration: 4.7ms | Allocations: 3834)
Completed 200 OK in 5ms (Views: 4.9ms | Allocations: 4145)


Started GET "/add" for 127.0.0.1 at 2024-03-24 14:24:40 +0700
Processing by AddDiaryController#index as HTML
  Rendering layout layouts/application.html.erb
  Rendering add_diary/index.html.erb within layouts/application
  Rendered add_diary/index.html.erb within layouts/application (Duration: 0.0ms | Allocations: 7)
  Rendered layout layouts/application.html.erb (Duration: 13.2ms | Allocations: 4912)
Completed 200 OK in 15ms (Views: 13.9ms | Allocations: 5223)


Started GET "/add" for 127.0.0.1 at 2024-03-24 14:24:48 +0700
Processing by AddDiaryController#index as HTML
  Rendering layout layouts/application.html.erb
  Rendering add_diary/index.html.erb within layouts/application
  Rendered add_diary/index.html.erb within layouts/application (Duration: 0.1ms | Allocations: 7)
  Rendered layout layouts/application.html.erb (Duration: 12.0ms | Allocations: 4971)
Completed 200 OK in 14ms (Views: 12.8ms | Allocations: 5283)


Started GET "/add" for 127.0.0.1 at 2024-03-24 14:24:51 +0700
Processing by AddDiaryController#index as HTML
  Rendering layout layouts/application.html.erb
  Rendering add_diary/index.html.erb within layouts/application
  Rendered add_diary/index.html.erb within layouts/application (Duration: 0.0ms | Allocations: 7)
  Rendered layout layouts/application.html.erb (Duration: 15.8ms | Allocations: 4860)
Completed 200 OK in 17ms (Views: 16.3ms | Allocations: 5171)


Started GET "/add" for 127.0.0.1 at 2024-03-24 14:31:39 +0700
Processing by AddDiaryController#index as HTML
  Rendering layout layouts/application.html.erb
  Rendering add_diary/index.html.erb within layouts/application
  Rendered add_diary/index.html.erb within layouts/application (Duration: 0.0ms | Allocations: 7)
  Rendered layout layouts/application.html.erb (Duration: 8.4ms | Allocations: 4908)
Completed 200 OK in 10ms (Views: 9.4ms | Allocations: 5220)


Started GET "/add" for 127.0.0.1 at 2024-03-24 14:31:45 +0700
Processing by AddDiaryController#index as HTML
  Rendering layout layouts/application.html.erb
  Rendering add_diary/index.html.erb within layouts/application
  Rendered add_diary/index.html.erb within layouts/application (Duration: 0.0ms | Allocations: 7)
  Rendered layout layouts/application.html.erb (Duration: 8.8ms | Allocations: 4878)
Completed 200 OK in 10ms (Views: 9.5ms | Allocations: 5189)


Started GET "/add" for 127.0.0.1 at 2024-03-24 14:32:11 +0700
Processing by AddDiaryController#index as HTML
  Rendering layout layouts/application.html.erb
  Rendering add_diary/index.html.erb within layouts/application
  Rendered add_diary/index.html.erb within layouts/application (Duration: 0.1ms | Allocations: 7)
  Rendered layout layouts/application.html.erb (Duration: 12.7ms | Allocations: 4439)
Completed 200 OK in 14ms (Views: 13.3ms | Allocations: 4752)


Started GET "/add" for 127.0.0.1 at 2024-03-24 14:32:15 +0700
Processing by AddDiaryController#index as HTML
  Rendering layout layouts/application.html.erb
  Rendering add_diary/index.html.erb within layouts/application
  Rendered add_diary/index.html.erb within layouts/application (Duration: 0.0ms | Allocations: 7)
  Rendered layout layouts/application.html.erb (Duration: 10.0ms | Allocations: 5822)
Completed 200 OK in 11ms (Views: 10.5ms | Allocations: 6133)


Started GET "/add" for 127.0.0.1 at 2024-03-24 14:32:20 +0700
Processing by AddDiaryController#index as HTML
  Rendering layout layouts/application.html.erb
  Rendering add_diary/index.html.erb within layouts/application
  Rendered add_diary/index.html.erb within layouts/application (Duration: 0.1ms | Allocations: 7)
  Rendered layout layouts/application.html.erb (Duration: 7.1ms | Allocations: 5404)
Completed 200 OK in 10ms (Views: 9.3ms | Allocations: 5716)


Started GET "/add" for 127.0.0.1 at 2024-03-24 14:33:20 +0700
Processing by AddDiaryController#index as HTML
  Rendering layout layouts/application.html.erb
  Rendering add_diary/index.html.erb within layouts/application
  Rendered add_diary/index.html.erb within layouts/application (Duration: 0.0ms | Allocations: 7)
  Rendered layout layouts/application.html.erb (Duration: 10.2ms | Allocations: 5404)
Completed 200 OK in 11ms (Views: 10.7ms | Allocations: 5715)


Started GET "/add" for 127.0.0.1 at 2024-03-24 14:33:42 +0700
Processing by AddDiaryController#index as HTML
  Rendering layout layouts/application.html.erb
  Rendering add_diary/index.html.erb within layouts/application
  Rendered add_diary/index.html.erb within layouts/application (Duration: 0.0ms | Allocations: 7)
  Rendered layout layouts/application.html.erb (Duration: 9.5ms | Allocations: 3842)
Completed 200 OK in 11ms (Views: 10.2ms | Allocations: 4153)


Started GET "/add" for 127.0.0.1 at 2024-03-24 14:33:46 +0700
Processing by AddDiaryController#index as HTML
  Rendering layout layouts/application.html.erb
  Rendering add_diary/index.html.erb within layouts/application
  Rendered add_diary/index.html.erb within layouts/application (Duration: 0.1ms | Allocations: 7)
  Rendered layout layouts/application.html.erb (Duration: 3.5ms | Allocations: 2427)
Completed 200 OK in 5ms (Views: 4.4ms | Allocations: 2738)


Started GET "/add" for 127.0.0.1 at 2024-03-24 14:33:54 +0700
Processing by AddDiaryController#index as HTML
  Rendering layout layouts/application.html.erb
  Rendering add_diary/index.html.erb within layouts/application
  Rendered add_diary/index.html.erb within layouts/application (Duration: 0.0ms | Allocations: 7)
  Rendered layout layouts/application.html.erb (Duration: 6.7ms | Allocations: 2439)
Completed 200 OK in 9ms (Views: 7.9ms | Allocations: 2750)


Started GET "/add" for 127.0.0.1 at 2024-03-24 14:33:58 +0700
Processing by AddDiaryController#index as HTML
  Rendering layout layouts/application.html.erb
  Rendering add_diary/index.html.erb within layouts/application
  Rendered add_diary/index.html.erb within layouts/application (Duration: 0.0ms | Allocations: 7)
  Rendered layout layouts/application.html.erb (Duration: 6.5ms | Allocations: 6308)
Completed 200 OK in 7ms (Views: 7.0ms | Allocations: 6619)


Started GET "/add" for 127.0.0.1 at 2024-03-24 14:34:02 +0700
Processing by AddDiaryController#index as HTML
  Rendering layout layouts/application.html.erb
  Rendering add_diary/index.html.erb within layouts/application
  Rendered add_diary/index.html.erb within layouts/application (Duration: 0.0ms | Allocations: 7)
  Rendered layout layouts/application.html.erb (Duration: 3.1ms | Allocations: 2478)
Completed 200 OK in 4ms (Views: 3.4ms | Allocations: 2789)


Started GET "/add" for 127.0.0.1 at 2024-03-24 14:34:32 +0700
Processing by AddDiaryController#index as HTML
  Rendering layout layouts/application.html.erb
  Rendering add_diary/index.html.erb within layouts/application
  Rendered add_diary/index.html.erb within layouts/application (Duration: 0.7ms | Allocations: 322)
  Rendered layout layouts/application.html.erb (Duration: 3.3ms | Allocations: 3421)
Completed 200 OK in 6ms (Views: 5.2ms | Allocations: 4621)


Started GET "/add" for 127.0.0.1 at 2024-03-24 14:34:35 +0700
Processing by AddDiaryController#index as HTML
  Rendering layout layouts/application.html.erb
  Rendering add_diary/index.html.erb within layouts/application
  Rendered add_diary/index.html.erb within layouts/application (Duration: 0.0ms | Allocations: 7)
  Rendered layout layouts/application.html.erb (Duration: 5.3ms | Allocations: 2432)
Completed 200 OK in 7ms (Views: 5.9ms | Allocations: 2759)


Started GET "/add" for 127.0.0.1 at 2024-03-24 14:34:45 +0700
Processing by AddDiaryController#index as HTML
  Rendering layout layouts/application.html.erb
  Rendering add_diary/index.html.erb within layouts/application
  Rendered add_diary/index.html.erb within layouts/application (Duration: 0.7ms | Allocations: 317)
  Rendered layout layouts/application.html.erb (Duration: 4.3ms | Allocations: 3416)
Completed 200 OK in 10ms (Views: 6.7ms | Allocations: 4613)


Started GET "/add" for 127.0.0.1 at 2024-03-24 14:34:46 +0700
Processing by AddDiaryController#index as HTML
  Rendering layout layouts/application.html.erb
  Rendering add_diary/index.html.erb within layouts/application
  Rendered add_diary/index.html.erb within layouts/application (Duration: 0.0ms | Allocations: 7)
  Rendered layout layouts/application.html.erb (Duration: 2.9ms | Allocations: 2442)
Completed 200 OK in 4ms (Views: 3.4ms | Allocations: 2770)


Started GET "/add" for 127.0.0.1 at 2024-03-24 14:34:48 +0700
Processing by AddDiaryController#index as HTML
  Rendering layout layouts/application.html.erb
  Rendering add_diary/index.html.erb within layouts/application
  Rendered add_diary/index.html.erb within layouts/application (Duration: 0.0ms | Allocations: 7)
  Rendered layout layouts/application.html.erb (Duration: 2.1ms | Allocations: 2427)
Completed 200 OK in 3ms (Views: 2.4ms | Allocations: 2738)


Started GET "/add" for 127.0.0.1 at 2024-03-24 14:34:53 +0700
Processing by AddDiaryController#index as HTML
  Rendering layout layouts/application.html.erb
  Rendering add_diary/index.html.erb within layouts/application
  Rendered add_diary/index.html.erb within layouts/application (Duration: 0.0ms | Allocations: 7)
  Rendered layout layouts/application.html.erb (Duration: 8.3ms | Allocations: 4533)
Completed 200 OK in 10ms (Views: 8.8ms | Allocations: 4844)


Started GET "/add" for 127.0.0.1 at 2024-03-24 14:34:59 +0700
Processing by AddDiaryController#index as HTML
  Rendering layout layouts/application.html.erb
  Rendering add_diary/index.html.erb within layouts/application
  Rendered add_diary/index.html.erb within layouts/application (Duration: 0.0ms | Allocations: 7)
  Rendered layout layouts/application.html.erb (Duration: 10.3ms | Allocations: 4876)
Completed 200 OK in 12ms (Views: 10.9ms | Allocations: 5188)


Started GET "/add" for 127.0.0.1 at 2024-03-24 14:35:10 +0700
Processing by AddDiaryController#index as HTML
  Rendering layout layouts/application.html.erb
  Rendering add_diary/index.html.erb within layouts/application
  Rendered add_diary/index.html.erb within layouts/application (Duration: 0.0ms | Allocations: 7)
  Rendered layout layouts/application.html.erb (Duration: 13.9ms | Allocations: 4943)
Completed 200 OK in 17ms (Views: 15.1ms | Allocations: 5255)


Started GET "/add" for 127.0.0.1 at 2024-03-24 14:35:13 +0700
Processing by AddDiaryController#index as HTML
  Rendering layout layouts/application.html.erb
  Rendering add_diary/index.html.erb within layouts/application
  Rendered add_diary/index.html.erb within layouts/application (Duration: 0.1ms | Allocations: 7)
  Rendered layout layouts/application.html.erb (Duration: 5.6ms | Allocations: 3071)
Completed 200 OK in 7ms (Views: 6.1ms | Allocations: 3384)


Started GET "/add" for 127.0.0.1 at 2024-03-24 14:36:55 +0700
Processing by AddDiaryController#index as HTML
  Rendering layout layouts/application.html.erb
  Rendering add_diary/index.html.erb within layouts/application
  Rendered add_diary/index.html.erb within layouts/application (Duration: 0.9ms | Allocations: 320)
  Rendered layout layouts/application.html.erb (Duration: 5.6ms | Allocations: 3427)
Completed 200 OK in 9ms (Views: 7.8ms | Allocations: 4627)


Started GET "/add" for 127.0.0.1 at 2024-03-24 14:37:07 +0700
Processing by AddDiaryController#index as HTML
  Rendering layout layouts/application.html.erb
  Rendering add_diary/index.html.erb within layouts/application
  Rendered add_diary/index.html.erb within layouts/application (Duration: 0.6ms | Allocations: 317)
  Rendered layout layouts/application.html.erb (Duration: 5.1ms | Allocations: 3408)
Completed 200 OK in 12ms (Views: 9.7ms | Allocations: 4622)


Started GET "/add" for 127.0.0.1 at 2024-03-24 14:37:21 +0700
Processing by AddDiaryController#index as HTML
  Rendering layout layouts/application.html.erb
  Rendering add_diary/index.html.erb within layouts/application
  Rendered add_diary/index.html.erb within layouts/application (Duration: 0.5ms | Allocations: 317)
  Rendered layout layouts/application.html.erb (Duration: 2.9ms | Allocations: 3420)
Completed 200 OK in 6ms (Views: 4.8ms | Allocations: 4634)


Started GET "/add" for 127.0.0.1 at 2024-03-24 14:37:45 +0700
Processing by AddDiaryController#index as HTML
  Rendering layout layouts/application.html.erb
  Rendering add_diary/index.html.erb within layouts/application
  Rendered add_diary/index.html.erb within layouts/application (Duration: 0.5ms | Allocations: 317)
  Rendered layout layouts/application.html.erb (Duration: 4.5ms | Allocations: 3428)
Completed 200 OK in 9ms (Views: 6.7ms | Allocations: 4641)


Started GET "/add" for 127.0.0.1 at 2024-03-24 14:37:47 +0700
Processing by AddDiaryController#index as HTML
  Rendering layout layouts/application.html.erb
  Rendering add_diary/index.html.erb within layouts/application
  Rendered add_diary/index.html.erb within layouts/application (Duration: 0.0ms | Allocations: 7)
  Rendered layout layouts/application.html.erb (Duration: 2.9ms | Allocations: 2427)
Completed 200 OK in 4ms (Views: 3.4ms | Allocations: 2754)


Started GET "/add" for 127.0.0.1 at 2024-03-24 14:37:56 +0700
Processing by AddDiaryController#index as HTML
  Rendering layout layouts/application.html.erb
  Rendering add_diary/index.html.erb within layouts/application
  Rendered add_diary/index.html.erb within layouts/application (Duration: 0.4ms | Allocations: 317)
  Rendered layout layouts/application.html.erb (Duration: 7.1ms | Allocations: 6956)
Completed 200 OK in 9ms (Views: 8.3ms | Allocations: 8153)


Started GET "/add" for 127.0.0.1 at 2024-03-24 14:37:58 +0700
Processing by AddDiaryController#index as HTML
  Rendering layout layouts/application.html.erb
  Rendering add_diary/index.html.erb within layouts/application
  Rendered add_diary/index.html.erb within layouts/application (Duration: 0.1ms | Allocations: 7)
  Rendered layout layouts/application.html.erb (Duration: 8.3ms | Allocations: 2435)
Completed 200 OK in 12ms (Views: 11.7ms | Allocations: 2762)


Started GET "/add" for 127.0.0.1 at 2024-03-24 14:38:50 +0700
Processing by AddDiaryController#index as HTML
  Rendering layout layouts/application.html.erb
  Rendering add_diary/index.html.erb within layouts/application
  Rendered add_diary/index.html.erb within layouts/application (Duration: 0.1ms | Allocations: 7)
  Rendered layout layouts/application.html.erb (Duration: 10.2ms | Allocations: 5413)
Completed 200 OK in 15ms (Views: 11.2ms | Allocations: 5724)


Started GET "/add" for 127.0.0.1 at 2024-03-24 14:39:05 +0700
Processing by AddDiaryController#index as HTML
  Rendering layout layouts/application.html.erb
  Rendering add_diary/index.html.erb within layouts/application
  Rendered add_diary/index.html.erb within layouts/application (Duration: 1.1ms | Allocations: 317)
  Rendered layout layouts/application.html.erb (Duration: 4.5ms | Allocations: 3418)
Completed 200 OK in 11ms (Views: 8.9ms | Allocations: 4618)


Started GET "/add" for 127.0.0.1 at 2024-03-24 14:39:23 +0700
Processing by AddDiaryController#index as HTML
  Rendering layout layouts/application.html.erb
  Rendering add_diary/index.html.erb within layouts/application
  Rendered add_diary/index.html.erb within layouts/application (Duration: 0.0ms | Allocations: 7)
  Rendered layout layouts/application.html.erb (Duration: 9.8ms | Allocations: 5469)
Completed 200 OK in 11ms (Views: 10.1ms | Allocations: 5796)


Started GET "/add" for 127.0.0.1 at 2024-03-24 14:40:07 +0700
Processing by AddDiaryController#index as HTML
  Rendering layout layouts/application.html.erb
  Rendering add_diary/index.html.erb within layouts/application
  Rendered add_diary/index.html.erb within layouts/application (Duration: 0.6ms | Allocations: 318)
  Rendered layout layouts/application.html.erb (Duration: 6.8ms | Allocations: 5540)
Completed 200 OK in 13ms (Views: 11.6ms | Allocations: 6737)


Started GET "/add" for 127.0.0.1 at 2024-03-24 14:40:28 +0700
Processing by AddDiaryController#index as HTML
  Rendering layout layouts/application.html.erb
  Rendering add_diary/index.html.erb within layouts/application
  Rendered add_diary/index.html.erb within layouts/application (Duration: 0.1ms | Allocations: 7)
  Rendered layout layouts/application.html.erb (Duration: 7.2ms | Allocations: 6324)
Completed 200 OK in 8ms (Views: 7.5ms | Allocations: 6651)


Started GET "/add" for 127.0.0.1 at 2024-03-24 14:42:08 +0700
Processing by AddDiaryController#index as HTML
  Rendering layout layouts/application.html.erb
  Rendering add_diary/index.html.erb within layouts/application
  Rendered add_diary/index.html.erb within layouts/application (Duration: 0.8ms | Allocations: 317)
  Rendered layout layouts/application.html.erb (Duration: 8.9ms | Allocations: 5601)
Completed 200 OK in 13ms (Views: 11.3ms | Allocations: 6798)


Started GET "/add" for 127.0.0.1 at 2024-03-24 14:42:17 +0700
Processing by AddDiaryController#index as HTML
  Rendering layout layouts/application.html.erb
  Rendering add_diary/index.html.erb within layouts/application
  Rendered add_diary/index.html.erb within layouts/application (Duration: 0.0ms | Allocations: 7)
  Rendered layout layouts/application.html.erb (Duration: 4.2ms | Allocations: 4956)
Completed 200 OK in 5ms (Views: 4.5ms | Allocations: 5285)


Started GET "/add" for 127.0.0.1 at 2024-03-24 14:42:35 +0700
Processing by AddDiaryController#index as HTML
  Rendering layout layouts/application.html.erb
  Rendering add_diary/index.html.erb within layouts/application
  Rendered add_diary/index.html.erb within layouts/application (Duration: 0.0ms | Allocations: 7)
  Rendered layout layouts/application.html.erb (Duration: 7.0ms | Allocations: 4909)
Completed 200 OK in 8ms (Views: 7.4ms | Allocations: 5221)


Started GET "/add" for 127.0.0.1 at 2024-03-24 14:42:46 +0700
Processing by AddDiaryController#index as HTML
  Rendering layout layouts/application.html.erb
  Rendering add_diary/index.html.erb within layouts/application
  Rendered add_diary/index.html.erb within layouts/application (Duration: 0.0ms | Allocations: 7)
  Rendered layout layouts/application.html.erb (Duration: 7.3ms | Allocations: 5459)
Completed 200 OK in 8ms (Views: 7.6ms | Allocations: 5770)


Started GET "/add" for 127.0.0.1 at 2024-03-24 14:42:58 +0700
Processing by AddDiaryController#index as HTML
  Rendering layout layouts/application.html.erb
  Rendering add_diary/index.html.erb within layouts/application
  Rendered add_diary/index.html.erb within layouts/application (Duration: 0.0ms | Allocations: 7)
  Rendered layout layouts/application.html.erb (Duration: 11.0ms | Allocations: 5385)
Completed 200 OK in 12ms (Views: 11.6ms | Allocations: 5697)


Started GET "/add" for 127.0.0.1 at 2024-03-24 14:43:05 +0700
Processing by AddDiaryController#index as HTML
  Rendering layout layouts/application.html.erb
  Rendering add_diary/index.html.erb within layouts/application
  Rendered add_diary/index.html.erb within layouts/application (Duration: 0.0ms | Allocations: 7)
  Rendered layout layouts/application.html.erb (Duration: 8.3ms | Allocations: 5468)
Completed 200 OK in 10ms (Views: 8.8ms | Allocations: 5779)


Started GET "/add" for 127.0.0.1 at 2024-03-24 14:43:19 +0700
Processing by AddDiaryController#index as HTML
  Rendering layout layouts/application.html.erb
  Rendering add_diary/index.html.erb within layouts/application
  Rendered add_diary/index.html.erb within layouts/application (Duration: 0.0ms | Allocations: 7)
  Rendered layout layouts/application.html.erb (Duration: 6.2ms | Allocations: 5400)
Completed 200 OK in 7ms (Views: 6.5ms | Allocations: 5711)


Started GET "/add" for 127.0.0.1 at 2024-03-24 14:43:25 +0700
Processing by AddDiaryController#index as HTML
  Rendering layout layouts/application.html.erb
  Rendering add_diary/index.html.erb within layouts/application
  Rendered add_diary/index.html.erb within layouts/application (Duration: 0.0ms | Allocations: 7)
  Rendered layout layouts/application.html.erb (Duration: 3.1ms | Allocations: 3080)
Completed 200 OK in 4ms (Views: 3.4ms | Allocations: 3391)


Started GET "/add" for 127.0.0.1 at 2024-03-24 14:43:41 +0700
Processing by AddDiaryController#index as HTML
  Rendering layout layouts/application.html.erb
  Rendering add_diary/index.html.erb within layouts/application
  Rendered add_diary/index.html.erb within layouts/application (Duration: 0.0ms | Allocations: 7)
  Rendered layout layouts/application.html.erb (Duration: 6.5ms | Allocations: 6310)
Completed 200 OK in 7ms (Views: 6.8ms | Allocations: 6621)


